A.
A.
AB.
A A A A A A A A A A A A A A A A A A A A A A A A A A A A A A A A A A A A A A A A.
Z Z Z Z Z Z Z Z Z Z Z Z Z Z Z Z Z Z Z Z Z Z Z Z Z Z Z Z Z Z Z Z Z Z Z Z Z Z Z Z.
ABCDEFGHIJKLM.
ABCDEFGHIJKLMNOPQRST.
ABCDEFGHIJKLMNOPQRST.
ABCDEFGHIJKLMNOPQRST.
ABCDEFGHIJKLMNOPQRST.
ABCDEFGHIJKLMNOPQRST.
ABCDEFGHIJKLMNOPQRS ABCDEFGHIJKLMNOPQRS ABCDEFGHIJKLMNOPQRS ABCDEFGHIJKLMNOPQRS.
-.
-.
-.
-.
A BC A BC A BC A BC A BC A BC A BC A BC A BC A BC A BC A BC A BC A BC A BC A BC.
ABCDEFGHIJKLM ABCDEFGHIJKLMN ABCDEFGHIJKLM ABCDEFGHIJKLMN ABCDEFGHIJKLM.
ABCDEFGHIJKLMNOPQRS SABCDEFGHIJKLMNOPQR ABCDEFGHIJKLMNOPQRS SABCDEFGHIJKLMNOPQR.
ABCDEFGHIJKLM ABCDEFGHIJKLMN ABCDEFGHIJKLM ABCDEFGHIJKLMN ABCDEFGHIJKLM.
A B C D E F G H I J K L ABCDEFGHIJKL.
L K J I H G F E D C B A ABCDEFGHIJKL.
ABCDEFGHIJKLM.
ABCDEFGHIJKLMN.
A B C D E F G H I J K L ABCDEFGHIJKLMN.
-.
-.
AB.
-.
AB BC CA.
-.
AB BC CD DE EA.
AB.
AB BC.
AB BC CD.
AB BC CD DE.
AB BC CD DE EF.
AB BC CD DE EF FG GH HI IJ JK KL LM.
AB BC CD DE EF FG GH HI IJ JK KL LM MN.
AB BC CD DE EF FG GH HI IJ JK KL LM MN NO.
AB BC CD DE EF FG GH HI IJ JK KL LM MN NO OP.
AB BC CD DE EF FG GH HI IJ JK KL LM MN NO OP PQ QR RS ST TU.
-.
-.
-.
AB BC CD DE EF FG GH HI IJ JK KL LM MN NA.
AB BC CD DE EF FG GH HI IJ JK KL LM MN NA.
AB BC CD DE EF FG GH HI IJ JK KL LM MN NO OA.
AB BC CD DE EF FG GH HI IJ JK KL LM MN NO OA.
AB BC CD DE EF FG GH HI IJ JK KL LM MN NO OP PQ QR RS ST TA.
ABC BCD.
ABC BCD CDE.
ABC BCD CDE DEF.
ABC BCD CDE DEF EFG.
ABC BCD CDE DEF EFG FGH.
ABC BCD CDE DEF EFG FGH GHI.
ABC BCD CDE DEF EFG FGH GHI HIJ.
ABC BCD CDE DEF EFG FGH GHI HIJ IJK.
ABC BCD CDE DEF EFG FGH GHI HIJ IJK JKL.
ABC BCD CDE DEF EFG FGH GHI HIJ IJK JKL KLM.
ABC BCD CDE DEF EFG FGH GHI HIJ IJK JKL KLM LMN.
ABC BCD CDE DEF EFG FGH GHI HIJ IJK JKL KLM LMN MNO.
ABC BCD CDE DEF EFG FGH GHI HIJ IJK JKL KLM LMN MNO NOP.
ABC BCD CDE DEF EFG FGH GHI HIJ IJK JKL KLM LMN MNO NOA.
ABC BCD CDE DEF EFG FGH GHI HIJ IJK JKL KLM LMN MNO NOP OPQ.
ABC BCD CDE DEF EFG FGH GHI HIJ IJK JKL KLM LMN MNO NOP OPA.
-.
ABC CDE EFG GHI IJK KLM MNO OPQ QRS STU UVW WXY YZ.
ABB BCC CDD DEE EFF FGG GHH HII IJJ JKK KLL LMM MNN NOO OAA.
ABB BCC CDD DEE EFF FGG GHH HII IJJ JKK KLL LMM MNN NOO OAA.
BCC CDD DEE EFF FGG GHH HII IJJ JKK KLL LMM MNN NOO OAA ABB.
ABB BCC CDD DEE EFF FGG GHH HII IJJ JKK KLL LMM MNN NOO OPP PQQ QRR RSS STT TAA.
ABB BCC CDD DEE EFF FGG GHH HII IJJ JKK KLL LMM MNN NOO OPP PQQ QRR RSS STT TAA.
BCC CDD DEE EFF FGG GHH HII IJJ JKK KLL LMM MNN NOO OPP PQQ QRR RSS STT TAA ABB.
-.
-.
-.
-.
-.
-.
-.
AB BC CD DE EF FG GH HI IJ JK KL LM MN NO OP PQ QR RS ST TU.
-.
AB BC CD DE EF FG GH HI IJ JK KL LM MN NO OP PQ QR RS SA.
AB BC CD DE EF FG GH HI IJ JK.
GW BS WT UDJ YPD LY TG RCEF ZCB RMCU EXLP FGLA YV VDZ CFQD ZLCI FO WK AMN WDGM.
MJ QT BO TG OR QC RG LU UK CN GV WC DL ZX QR MX JI HR IB PT DL ZX QR MX JI HR.
A B C D E F G H I J K L M N O P Q R S S R Q P O N M L K J I ABCDEFGHIJKLMNOPQRS.
A B C D E F G H I J K L M N O P Q R S S R Q P O N M L K J I ABCDEFGHIJKLMNOPQRS.
ABCDEFGHIJKLMNOPQRS A B C D E F G H I J K L M N O P Q R S S R Q P O N M L K J I.
ABCDEFGHIJKLMNOPQRS A B C D E F G H I J K L M N O P Q R S S R Q P O N M L K J I.
LLLL KKKK JJJJ IIII HHHH GGGG FFFF EEEE DDDD CCCC BBBB AAAA JKLM GHIJ DEFG ABCD.
LLLL KKKK JJJJ IIII HHHH GGGG FFFF EEEE DDDD CCCC BBBB AAAA JKLM GHIJ DEFG ABCD.
JKLM GHIJ DEFG ABCD LLLL KKKK JJJJ IIII HHHH GGGG FFFF EEEE DDDD CCCC BBBB AAAA.
JKLM GHIJ DEFG ABCD LLLL KKKK JJJJ IIII HHHH GGGG FFFF EEEE DDDD CCCC BBBB AAAA.
