501
502
1
74
19
2010
821
821
1646
148
81
1933
1672
1098
792
19
729
623
693
714
1181
139
14
1966
1539
1324
1220
1
1771
418
18
1846
1360
1006
6
1008
1187
9
1936
675
6
1589
2010
2002
831
2006
1986
371
1006
1161
60
858
1860
496
475
161
15
528
1907
1689
356
224
990
659
943
1201
799
1508
1592
9
266
1929
342
1507
0
1816
1892
756
92
2004
3
1063
1
1801
1354
647
69
1496
1975
258
431
469
872
1
208
1692
756
1495
0
1259
1879
293
1684
458
33
849
56
185
1
446
1704
640
1092
1548
38
987
837
1524
1549
1278
1292
680
1
1013
860
1766
618
1614
134
148
850
1103
0
0
