81.681
106.814
74.112
108.921
0.0
254.856
8576.937
8569.462
929.198
4181.125
505.091
0.0
46.820
65.670
50.991
4181.125
158.880
0.0
2557.986
4586.444
2362.295
0.0
3125.244
3592.039
4033.158
2229.701
0.0
4679.085
2172.920
0.0
3441.755
0.0
2645.107
3969.443
2671.715
0.0
4181.125
3249.073
1897.448
0.0
3456.702
2410.485
0.0
2693.255
3978.942
0.0
3287.641
8576.937
8569.462
8412.529
8410.708
3209.152
3209.152
3209.152
3209.152
3209.152
3183.896
0.0
931.648
929.198
0.0
942.135
388.313
388.313
388.313
333.172
333.172
388.313
351.348
341.235
388.313
401.073
